2020-06-03 14:43:44 TRACE Ims:18 - trace 
2020-06-03 14:43:44 DEBUG Ims:19 - debudge
2020-06-03 14:43:44 INFO  Ims:20 - what is your name:
2020-06-03 14:43:44 WARN  Ims:21 - If you dont tel me your name i will end
2020-06-03 14:43:44 ERROR Ims:22 - I WILL END SOON BECAUSE OF NO NAME?
2020-06-03 14:43:44 FATAL Ims:23 - SYSTEM DEAD!!!!!!!!!!
2020-06-03 14:44:06 TRACE Ims:18 - trace 
2020-06-03 14:44:06 DEBUG Ims:19 - debudge
2020-06-03 14:44:06 INFO  Ims:20 - what is your name:
2020-06-03 14:44:06 WARN  Ims:21 - If you dont tel me your name i will end
2020-06-03 14:44:06 ERROR Ims:22 - I WILL END SOON BECAUSE OF NO NAME?
2020-06-03 14:44:06 FATAL Ims:23 - SYSTEM DEAD!!!!!!!!!!
2020-06-03 14:45:13 TRACE Ims:18 - trace 
2020-06-03 14:45:13 DEBUG Ims:19 - debudge
2020-06-03 14:45:13 INFO  Ims:20 - what is your name:
2020-06-03 14:45:13 WARN  Ims:21 - If you dont tel me your name i will end
2020-06-03 14:45:13 ERROR Ims:22 - I WILL END SOON BECAUSE OF NO NAME?
2020-06-03 14:45:13 FATAL Ims:23 - SYSTEM DEAD!!!!!!!!!!
2020-06-03 14:45:24 TRACE Ims:18 - trace 
2020-06-03 14:45:24 DEBUG Ims:19 - debudge
2020-06-03 14:45:24 INFO  Ims:20 - what is your name:
2020-06-03 14:45:24 WARN  Ims:21 - If you dont tel me your name i will end
2020-06-03 14:45:24 ERROR Ims:22 - I WILL END SOON BECAUSE OF NO NAME?
2020-06-03 14:45:24 FATAL Ims:23 - SYSTEM DEAD!!!!!!!!!!
2020-06-03 14:45:32 TRACE Ims:18 - trace 
2020-06-03 14:45:32 DEBUG Ims:19 - debudge
2020-06-03 14:45:32 INFO  Ims:20 - what is your name:
2020-06-03 14:45:32 WARN  Ims:21 - If you dont tel me your name i will end
2020-06-03 14:45:32 ERROR Ims:22 - I WILL END SOON BECAUSE OF NO NAME?
2020-06-03 14:45:32 FATAL Ims:23 - SYSTEM DEAD!!!!!!!!!!
